flutter_app/build/app/intermediates/manifest_merge_blame_file/debug/manifest-merger-blame-debug-report.txt
1<?xml version="1.0" encoding="utf-8"?>
2<manifest xmlns:android="http://schemas.android.com/apk/res/android"
3    package="com.umasha.sifitlier"
4    android:versionCode="1"
5    android:versionName="1.0.0" >
6
7    <uses-sdk
8        android:minSdkVersion="23"
9        android:targetSdkVersion="34" />
10    <!--
11         The INTERNET permission is required for development. Specifically,
12         the Flutter tool needs it to communicate with the running application
13         to allow setting breakpoints, to provide hot reload, etc.
14    -->
15    <uses-permission android:name="android.permission.INTERNET" />
15-->src\main\AndroidManifest.xml:5:5-66
15-->src\main\AndroidManifest.xml:5:22-64
16    <!-- SMS Permissions -->
17    <uses-permission android:name="android.permission.READ_SMS" />
17-->src\main\AndroidManifest.xml:8:5-66
17-->src\main\AndroidManifest.xml:8:22-64
18    <uses-permission android:name="android.permission.RECEIVE_SMS" /> <!-- Phone Permission (needed for some SMS features) -->
18-->src\main\AndroidManifest.xml:9:5-69
18-->src\main\AndroidManifest.xml:9:22-67
19    <uses-permission android:name="android.permission.READ_PHONE_STATE" /> <!-- Notification Permission (Android 13+) -->
19-->src\main\AndroidManifest.xml:12:5-74
19-->src\main\AndroidManifest.xml:12:22-72
20    <uses-permission android:name="android.permission.POST_NOTIFICATIONS" /> <!-- Foreground Service (for background monitoring) -->
20-->src\main\AndroidManifest.xml:15:5-76
20-->src\main\AndroidManifest.xml:15:22-74
21    <uses-permission android:name="android.permission.FOREGROUND_SERVICE" />
21-->src\main\AndroidManifest.xml:18:5-76
21-->src\main\AndroidManifest.xml:18:22-74
22    <uses-permission android:name="android.permission.RECEIVE_BOOT_COMPLETED" /> <!-- Queries for package visibility (Android 11+) -->
22-->src\main\AndroidManifest.xml:19:5-80
22-->src\main\AndroidManifest.xml:19:22-78
23    <queries>
23-->src\main\AndroidManifest.xml:61:5-70:15
24        <intent>
24-->src\main\AndroidManifest.xml:62:9-65:18
25            <action android:name="android.intent.action.VIEW" />
25-->src\main\AndroidManifest.xml:63:13-65
25-->src\main\AndroidManifest.xml:63:21-62
26
27            <data android:scheme="sms" />
27-->src\main\AndroidManifest.xml:64:13-42
27-->src\main\AndroidManifest.xml:64:19-39
28        </intent>
29        <intent>
29-->src\main\AndroidManifest.xml:66:9-69:18
30            <action android:name="android.intent.action.VIEW" />
30-->src\main\AndroidManifest.xml:63:13-65
30-->src\main\AndroidManifest.xml:63:21-62
31
32            <data android:scheme="tel" />
32-->src\main\AndroidManifest.xml:64:13-42
32-->src\main\AndroidManifest.xml:64:19-39
33        </intent>
34    </queries>
35
36    <uses-permission android:name="android.permission.ACCESS_COARSE_LOCATION" />
36-->[:telephony] AndroidManifest.xml:9:5-81
36-->[:telephony] AndroidManifest.xml:9:22-78
37    <uses-permission android:name="android.permission.VIBRATE" />
37-->[:flutter_local_notifications] AndroidManifest.xml:9:5-66
37-->[:flutter_local_notifications] AndroidManifest.xml:9:22-63
38    <uses-permission android:name="android.permission.WAKE_LOCK" />
38-->[:flutter_background_service_android] AndroidManifest.xml:11:5-68
38-->[:flutter_background_service_android] AndroidManifest.xml:11:22-65
39
40    <permission
40-->[androidx.core:core:1.12.0] AndroidManifest.xml:22:5-24:47
41        android:name="com.umasha.sifitlier.DYNAMIC_RECEIVER_NOT_EXPORTED_PERMISSION"
41-->[androidx.core:core:1.12.0] AndroidManifest.xml:23:9-81
42        android:protectionLevel="signature" />
42-->[androidx.core:core:1.12.0] AndroidManifest.xml:24:9-44
43
44    <uses-permission android:name="com.umasha.sifitlier.DYNAMIC_RECEIVER_NOT_EXPORTED_PERMISSION" />
44-->[androidx.core:core:1.12.0] AndroidManifest.xml:26:5-97
44-->[androidx.core:core:1.12.0] AndroidManifest.xml:26:22-94
45
46    <application
47        android:name="android.app.Application"
48        android:appComponentFactory="androidx.core.app.CoreComponentFactory"
48-->[androidx.core:core:1.12.0] AndroidManifest.xml:28:18-86
49        android:debuggable="true"
50        android:extractNativeLibs="false"
51        android:icon="@mipmap/ic_launcher"
52        android:label="Sifitlier" >
53        <activity
54            android:name="com.umasha.sifitlier.MainActivity"
55            android:configChanges="orientation|keyboardHidden|keyboard|screenSize|smallestScreenSize|locale|layoutDirection|fontScale|screenLayout|density|uiMode"
56            android:exported="true"
57            android:hardwareAccelerated="true"
58            android:launchMode="singleTop"
59            android:taskAffinity=""
60            android:theme="@style/LaunchTheme"
61            android:windowSoftInputMode="adjustResize" >
62            <meta-data
63                android:name="io.flutter.embedding.android.NormalTheme"
64                android:resource="@style/NormalTheme" />
65
66            <intent-filter>
67                <action android:name="android.intent.action.MAIN" />
68
69                <category android:name="android.intent.category.LAUNCHER" />
70            </intent-filter>
71        </activity>
72
73        <!-- SMS Receiver for background SMS detection -->
74        <receiver
75            android:name="com.shounakmulay.telephony.sms.IncomingSmsReceiver"
76            android:exported="true"
77            android:permission="android.permission.BROADCAST_SMS" >
78            <intent-filter>
79                <action android:name="android.provider.Telephony.SMS_RECEIVED" />
80            </intent-filter>
81        </receiver>
82
83        <meta-data
84            android:name="flutterEmbedding"
85            android:value="2" />
86
87        <activity
87-->[:url_launcher_android] AndroidManifest.xml:10:9-13:74
88            android:name="io.flutter.plugins.urllauncher.WebViewActivity"
88-->[:url_launcher_android] AndroidManifest.xml:11:13-74
89            android:exported="false"
89-->[:url_launcher_android] AndroidManifest.xml:12:13-37
90            android:theme="@android:style/Theme.NoTitleBar.Fullscreen" />
90-->[:url_launcher_android] AndroidManifest.xml:13:13-71
91
92        <service
92-->[:flutter_background_service_android] AndroidManifest.xml:14:9-18:44
93            android:name="id.flutter.flutter_background_service.BackgroundService"
93-->[:flutter_background_service_android] AndroidManifest.xml:15:13-83
94            android:enabled="true"
94-->[:flutter_background_service_android] AndroidManifest.xml:16:13-35
95            android:exported="true"
95-->[:flutter_background_service_android] AndroidManifest.xml:17:13-36
96            android:stopWithTask="false" />
96-->[:flutter_background_service_android] AndroidManifest.xml:18:13-41
97
98        <receiver
98-->[:flutter_background_service_android] AndroidManifest.xml:20:9-23:39
99            android:name="id.flutter.flutter_background_service.WatchdogReceiver"
99-->[:flutter_background_service_android] AndroidManifest.xml:21:13-82
100            android:enabled="true"
100-->[:flutter_background_service_android] AndroidManifest.xml:22:13-35
101            android:exported="true" />
101-->[:flutter_background_service_android] AndroidManifest.xml:23:13-36
102        <receiver
102-->[:flutter_background_service_android] AndroidManifest.xml:24:9-33:20
103            android:name="id.flutter.flutter_background_service.BootReceiver"
103-->[:flutter_background_service_android] AndroidManifest.xml:25:13-78
104            android:enabled="true"
104-->[:flutter_background_service_android] AndroidManifest.xml:26:13-35
105            android:exported="true" >
105-->[:flutter_background_service_android] AndroidManifest.xml:27:13-36
106            <intent-filter>
106-->[:flutter_background_service_android] AndroidManifest.xml:28:13-32:29
107                <action android:name="android.intent.action.BOOT_COMPLETED" />
107-->[:flutter_background_service_android] AndroidManifest.xml:29:17-79
107-->[:flutter_background_service_android] AndroidManifest.xml:29:25-76
108                <action android:name="android.intent.action.QUICKBOOT_POWERON" />
108-->[:flutter_background_service_android] AndroidManifest.xml:30:17-82
108-->[:flutter_background_service_android] AndroidManifest.xml:30:25-79
109                <action android:name="android.intent.action.MY_PACKAGE_REPLACED" />
109-->[:flutter_background_service_android] AndroidManifest.xml:31:17-84
109-->[:flutter_background_service_android] AndroidManifest.xml:31:25-81
110            </intent-filter>
111        </receiver>
112
113        <uses-library
113-->[androidx.window:window:1.0.0-beta04] AndroidManifest.xml:25:9-27:40
114            android:name="androidx.window.extensions"
114-->[androidx.window:window:1.0.0-beta04] AndroidManifest.xml:26:13-54
115            android:required="false" />
115-->[androidx.window:window:1.0.0-beta04] AndroidManifest.xml:27:13-37
116        <uses-library
116-->[androidx.window:window:1.0.0-beta04] AndroidManifest.xml:28:9-30:40
117            android:name="androidx.window.sidecar"
117-->[androidx.window:window:1.0.0-beta04] AndroidManifest.xml:29:13-51
118            android:required="false" />
118-->[androidx.window:window:1.0.0-beta04] AndroidManifest.xml:30:13-37
119
120        <activity
120-->[com.google.android.gms:play-services-auth:21.0.0] AndroidManifest.xml:23:9-27:75
121            android:name="com.google.android.gms.auth.api.signin.internal.SignInHubActivity"
121-->[com.google.android.gms:play-services-auth:21.0.0] AndroidManifest.xml:24:13-93
122            android:excludeFromRecents="true"
122-->[com.google.android.gms:play-services-auth:21.0.0] AndroidManifest.xml:25:13-46
123            android:exported="false"
123-->[com.google.android.gms:play-services-auth:21.0.0] AndroidManifest.xml:26:13-37
124            android:theme="@android:style/Theme.Translucent.NoTitleBar" />
124-->[com.google.android.gms:play-services-auth:21.0.0] AndroidManifest.xml:27:13-72
125        <!--
126            Service handling Google Sign-In user revocation. For apps that do not integrate with
127            Google Sign-In, this service will never be started.
128        -->
129        <service
129-->[com.google.android.gms:play-services-auth:21.0.0] AndroidManifest.xml:33:9-37:51
130            android:name="com.google.android.gms.auth.api.signin.RevocationBoundService"
130-->[com.google.android.gms:play-services-auth:21.0.0] AndroidManifest.xml:34:13-89
131            android:exported="true"
131-->[com.google.android.gms:play-services-auth:21.0.0] AndroidManifest.xml:35:13-36
132            android:permission="com.google.android.gms.auth.api.signin.permission.REVOCATION_NOTIFICATION"
132-->[com.google.android.gms:play-services-auth:21.0.0] AndroidManifest.xml:36:13-107
133            android:visibleToInstantApps="true" />
133-->[com.google.android.gms:play-services-auth:21.0.0] AndroidManifest.xml:37:13-48
134
135        <activity
135-->[com.google.android.gms:play-services-base:18.0.1] AndroidManifest.xml:20:9-22:45
136            android:name="com.google.android.gms.common.api.GoogleApiActivity"
136-->[com.google.android.gms:play-services-base:18.0.1] AndroidManifest.xml:20:19-85
137            android:exported="false"
137-->[com.google.android.gms:play-services-base:18.0.1] AndroidManifest.xml:22:19-43
138            android:theme="@android:style/Theme.Translucent.NoTitleBar" />
138-->[com.google.android.gms:play-services-base:18.0.1] AndroidManifest.xml:21:19-78
139
140        <meta-data
140-->[com.google.android.gms:play-services-basement:18.2.0] AndroidManifest.xml:21:9-23:69
141            android:name="com.google.android.gms.version"
141-->[com.google.android.gms:play-services-basement:18.2.0] AndroidManifest.xml:22:13-58
142            android:value="@integer/google_play_services_version" />
142-->[com.google.android.gms:play-services-basement:18.2.0] AndroidManifest.xml:23:13-66
143    </application>
144
145</manifest>